<?xml version="1.0" encoding="UTF-8"?>
<testsuite xmlns:xsi="http://www.w3.org/2001/XMLSchema-instance" xsi:noNamespaceSchemaLocation="https://maven.apache.org/surefire/maven-surefire-plugin/xsd/surefire-test-report-3.0.xsd" version="3.0" name="com.retailmanager.rmpaydashboard.RmpaydashboardApplicationTests" time="26.748" tests="1" errors="0" skipped="0" failures="0">
  <properties>
[...]
</properties>
  <testcase name="contextLoads" classname="com.retailmanager.rmpaydashboard.RmpaydashboardApplicationTests" time="0.866">
    <system-out><![CDATA[23:59:10.611 [main] INFO org.springframework.test.context.support.AnnotationConfigContextLoaderUtils -- Could not detect default configuration classes for test class [com.retailmanager.rmpaydashboard.RmpaydashboardApplicationTests]: RmpaydashboardApplicationTests does not declare any static, non-private, non-final, nested classes annotated with @Configuration.
23:59:10.848 [main] INFO org.springframework.boot.test.context.SpringBootTestContextBootstrapper -- Found @SpringBootConfiguration com.retailmanager.rmpaydashboard.RmpaydashboardApplication for test class com.retailmanager.rmpaydashboard.RmpaydashboardApplicationTests
23:59:11.208 [main] INFO org.springframework.boot.devtools.restart.RestartApplicationListener -- Restart disabled due to context in which it is running

  .   ____          _            __ _ _
 /\\ / ___'_ __ _ _(_)_ __  __ _ \ \ \ \
( ( )\___ | '_ | '_| | '_ \/ _` | \ \ \ \
 \\/  ___)| |_)| | | | | || (_| |  ) ) ) )
  '  |____| .__|_| |_|_| |_\__, | / / / /
 =========|_|==============|___/=/_/_/_/
 :: Spring Boot ::       (v3.2.2-SNAPSHOT)

2025-12-03T23:59:11.833-05:00  INFO 33880 --- [           main] c.r.r.RmpaydashboardApplicationTests     : Starting RmpaydashboardApplicationTests using Java 20 with PID 33880 (started by Fernando Diamante in D:\Trabajo\RMPAYDASBOARD\rmpaydashboard)
2025-12-03T23:59:11.834-05:00  INFO 33880 --- [           main] c.r.r.RmpaydashboardApplicationTests     : No active profile set, falling back to 1 default profile: "default"
2025-12-03T23:59:15.315-05:00  INFO 33880 --- [           main] .s.d.r.c.RepositoryConfigurationDelegate : Bootstrapping Spring Data JPA repositories in DEFAULT mode.
2025-12-03T23:59:15.681-05:00  INFO 33880 --- [           main] .s.d.r.c.RepositoryConfigurationDelegate : Finished Spring Data repository scanning in 339 ms. Found 30 JPA repository interfaces.
2025-12-03T23:59:18.507-05:00  INFO 33880 --- [           main] o.hibernate.jpa.internal.util.LogHelper  : HHH000204: Processing PersistenceUnitInfo [name: default]
2025-12-03T23:59:18.928-05:00  INFO 33880 --- [           main] org.hibernate.Version                    : HHH000412: Hibernate ORM core version 6.4.1.Final
2025-12-03T23:59:19.107-05:00  INFO 33880 --- [           main] o.h.c.internal.RegionFactoryInitiator    : HHH000026: Second-level cache disabled
2025-12-03T23:59:20.239-05:00  INFO 33880 --- [           main] o.s.o.j.p.SpringPersistenceUnitInfo      : No LoadTimeWeaver setup: ignoring JPA class transformer
2025-12-03T23:59:20.320-05:00  INFO 33880 --- [           main] com.zaxxer.hikari.HikariDataSource       : HikariPool-1 - Starting...
2025-12-03T23:59:21.151-05:00  INFO 33880 --- [           main] com.zaxxer.hikari.pool.HikariPool        : HikariPool-1 - Added connection ConnectionID:1 ClientConnectionId: c55fb8f6-c2b4-4894-b18a-72a10af2eb9d
2025-12-03T23:59:21.156-05:00  INFO 33880 --- [           main] com.zaxxer.hikari.HikariDataSource       : HikariPool-1 - Start completed.
2025-12-03T23:59:25.924-05:00  INFO 33880 --- [           main] o.h.e.t.j.p.i.JtaPlatformInitiator       : HHH000489: No JTA platform available (set 'hibernate.transaction.jta.platform' to enable JTA platform integration)
2025-12-03T23:59:26.971-05:00  INFO 33880 --- [           main] j.LocalContainerEntityManagerFactoryBean : Initialized JPA EntityManagerFactory for persistence unit 'default'
2025-12-03T23:59:28.068-05:00  INFO 33880 --- [           main] o.s.d.j.r.query.QueryEnhancerFactory     : Hibernate is in classpath; If applicable, HQL parser will be used.
Hibernate: SELECT     (SELECT configvalue FROM RMPAY.dbo.Sys_general_config WHERE configlabel = 'config.email.AppKey') AS appKey,     (SELECT configvalue FROM RMPAY.dbo.Sys_general_config WHERE configlabel = 'config.email.emailFrom') AS emailFrom,     (SELECT configvalue FROM RMPAY.dbo.Sys_general_config WHERE configlabel = 'config.email.emailTo') AS emailTo,     (SELECT configvalue FROM RMPAY.dbo.Sys_general_config WHERE configlabel = 'config.email.emailCCO') AS emailCCO,     (SELECT configvalue FROM RMPAY.dbo.Sys_general_config WHERE configlabel = 'config.email.RMPAYLogo') AS RMPAYLogo,     (SELECT configvalue FROM RMPAY.dbo.Sys_general_config WHERE configlabel = 'config.email.RMLogo') AS RMLogo 
2025-12-03T23:59:32.945-05:00  WARN 33880 --- [           main] JpaBaseConfiguration$JpaWebConfiguration : spring.jpa.open-in-view is enabled by default. Therefore, database queries may be performed during view rendering. Explicitly configure spring.jpa.open-in-view to disable this warning
2025-12-03T23:59:34.661-05:00  INFO 33880 --- [           main] o.s.b.a.e.web.EndpointLinksResolver      : Exposing 1 endpoint(s) beneath base path '/actuator'
2025-12-03T23:59:34.843-05:00  INFO 33880 --- [           main] o.s.s.web.DefaultSecurityFilterChain     : Will secure any request with [org.springframework.security.web.session.DisableEncodeUrlFilter@5478a4b1, org.springframework.security.web.context.request.async.WebAsyncManagerIntegrationFilter@4297f992, org.springframework.security.web.context.SecurityContextHolderFilter@199f957, org.springframework.security.web.header.HeaderWriterFilter@36930c21, org.springframework.web.filter.CorsFilter@f044be0, org.springframework.security.web.authentication.logout.LogoutFilter@e1ee5bf, com.retailmanager.rmpaydashboard.security.JWTAuthorizationFilter@25c66a5a, com.retailmanager.rmpaydashboard.security.JWTAthenticationFilter@655f29a2, org.springframework.security.web.savedrequest.RequestCacheAwareFilter@3275f900, org.springframework.security.web.servletapi.SecurityContextHolderAwareRequestFilter@573fc0cc, org.springframework.security.web.authentication.AnonymousAuthenticationFilter@74134494, org.springframework.security.web.session.SessionManagementFilter@1da0256f, org.springframework.security.web.access.ExceptionTranslationFilter@3795591d, org.springframework.security.web.access.intercept.AuthorizationFilter@47a96f6a]
2025-12-03T23:59:35.948-05:00  INFO 33880 --- [           main] c.r.r.RmpaydashboardApplicationTests     : Started RmpaydashboardApplicationTests in 24.767 seconds (process running for 27.065)
]]></system-out>
  </testcase>
</testsuite>